[05:44:35] [ServerMain/INFO]: Environment: Environment[sessionHost=https://sessionserver.mojang.com, servicesHost=https://api.minecraftservices.com, name=PROD]
[05:44:36] [ServerMain/INFO]: No existing world data, creating new world
[05:44:37] [ServerMain/INFO]: Loaded 1290 recipes
[05:44:37] [ServerMain/INFO]: Loaded 1399 advancements
[05:44:38] [Server thread/INFO]: Starting minecraft server version 1.21.1
[05:44:38] [Server thread/INFO]: Loading properties
[05:44:38] [Server thread/INFO]: Default game type: SURVIVAL
[05:44:38] [Server thread/INFO]: Generating keypair
[05:44:38] [Server thread/INFO]: Starting Minecraft server on *:25565
[05:44:38] [Server thread/INFO]: Using epoll channel type
[05:44:38] [Server thread/WARN]: **** SERVER IS RUNNING IN OFFLINE/INSECURE MODE!
[05:44:38] [Server thread/WARN]: The server will make no attempt to authenticate usernames. Beware.
[05:44:38] [Server thread/WARN]: While this makes the game possible to play without internet access, it also opens up the ability for hackers to connect with any username they choose.
[05:44:38] [Server thread/WARN]: To change this, set "online-mode" to "true" in the server.properties file.
[05:44:38] [Server thread/INFO]: Preparing level "world"
[05:44:44] [Server thread/INFO]: Preparing start region for dimension minecraft:overworld
[05:44:44] [Worker-Main-2/INFO]: Preparing spawn area: 2%
[05:44:45] [Worker-Main-2/INFO]: Preparing spawn area: 2%
[05:44:45] [Worker-Main-3/INFO]: Preparing spawn area: 2%
[05:44:46] [Worker-Main-2/INFO]: Preparing spawn area: 2%
[05:44:46] [Worker-Main-1/INFO]: Preparing spawn area: 2%
[05:44:47] [Worker-Main-3/INFO]: Preparing spawn area: 18%
[05:44:47] [Worker-Main-2/INFO]: Preparing spawn area: 18%
[05:44:48] [Worker-Main-3/INFO]: Preparing spawn area: 18%
[05:44:48] [Worker-Main-1/INFO]: Preparing spawn area: 18%
[05:44:49] [Worker-Main-2/INFO]: Preparing spawn area: 51%
[05:44:49] [Worker-Main-2/INFO]: Preparing spawn area: 51%
[05:44:50] [Worker-Main-1/INFO]: Preparing spawn area: 51%
[05:44:50] [Worker-Main-2/INFO]: Preparing spawn area: 59%
[05:44:50] [Server thread/INFO]: Time elapsed: 6056 ms
[05:44:50] [Server thread/INFO]: Done (11.885s)! For help, type "help"
[05:46:27] [Server thread/INFO]: vnefii[/127.196.113.75:58207] logged in with entity id 47 at (7.5, 79.0, 8.5)
[05:46:27] [Server thread/INFO]: vnefii joined the game
[05:48:20] [Server thread/INFO]: vnefii has made the advancement [Stone Age]
[05:48:38] [Server thread/INFO]: vnefii has made the advancement [Getting an Upgrade]
[05:50:50] [Server thread/INFO]: potato[/127.235.240.228:41099] logged in with entity id 1960 at (8.5, 69.0, -2.5)
[05:50:50] [Server thread/INFO]: potato joined the game
[05:51:48] [Server thread/INFO]: potato has made the advancement [Stone Age]
[05:52:23] [Server thread/INFO]: potato has made the advancement [Getting an Upgrade]
[05:53:34] [Server thread/INFO]: potato lost connection: Disconnected
[05:53:34] [Server thread/INFO]: potato left the game
[05:53:41] [Server thread/INFO]: potato[/127.235.240.228:54641] logged in with entity id 3093 at (48.23170736519656, 70.0, -112.05136586036474)
[05:53:41] [Server thread/INFO]: potato joined the game
[05:56:41] [Server thread/INFO]: potato lost connection: Disconnected
[05:56:41] [Server thread/INFO]: potato left the game
[05:57:16] [Server thread/INFO]: potato[/127.235.240.228:48897] logged in with entity id 5563 at (-32.89633972686979, 63.0, -233.15787347517596)
[05:57:16] [Server thread/INFO]: potato joined the game
[05:58:19] [Server thread/INFO]: potato has made the advancement [Acquire Hardware]
[05:58:37] [Server thread/INFO]: potato has made the advancement [Isn't It Iron Pick]
[05:59:03] [Server thread/INFO]: [Not Secure] <vnefii> aldea 750 147
[05:59:14] [Server thread/INFO]: vnefii has made the advancement [Monster Hunter]
[05:59:21] [Server thread/INFO]: zSappy[/127.28.52.20:49901] logged in with entity id 6848 at (-0.5, 76.0, -4.5)
[05:59:21] [Server thread/INFO]: zSappy joined the game
[06:00:02] [Server thread/INFO]: vnefii has made the advancement [Sweet Dreams]
[06:00:15] [Server thread/INFO]: potato lost connection: Disconnected
[06:00:15] [Server thread/INFO]: potato left the game
[06:00:17] [Server thread/INFO]: zSappy lost connection: Disconnected
[06:00:17] [Server thread/INFO]: zSappy left the game
[06:00:18] [Server thread/INFO]: [Not Secure] <vnefii> aldea 750 147
[06:00:25] [Server thread/INFO]: zSappy[/127.28.52.20:35103] logged in with entity id 7618 at (-3.408205146418052, 67.0, 17.42793286378721)
[06:00:25] [Server thread/INFO]: zSappy joined the game
[06:00:29] [Server thread/INFO]: zSappy lost connection: Disconnected
[06:00:29] [Server thread/INFO]: zSappy left the game
[06:00:31] [Server thread/INFO]: [Not Secure] <vnefii> aldea 750 147
[06:00:34] [Server thread/INFO]: zSappy[/127.28.52.20:33443] logged in with entity id 7845 at (1.8721256492738914, 68.0, 11.743835048690324)
[06:00:34] [Server thread/INFO]: zSappy joined the game
[06:00:39] [Server thread/INFO]: [Not Secure] <vnefii> aldea 750 147
[06:00:44] [Server thread/INFO]: potato[/127.235.240.228:60315] logged in with entity id 8074 at (-196.66576958697985, 68.0, -255.29104340403975)
[06:00:44] [Server thread/INFO]: potato joined the game
[06:01:18] [Server thread/INFO]: [Not Secure] <zSappy> ok
[06:01:25] [Server thread/INFO]: [Not Secure] <vnefii> cayate puta
[06:01:34] [Server thread/INFO]: [Not Secure] <vnefii> putita
[06:01:38] [Server thread/INFO]: [Not Secure] <vnefii> no te aguites
[06:02:08] [Server thread/INFO]: vnefii has made the advancement [Ice Bucket Challenge]
[06:04:10] [Server thread/INFO]: Crisby2007[/127.111.150.77:35749] logged in with entity id 12221 at (-8.5, 67.0, 6.5)
[06:04:10] [Server thread/INFO]: Crisby2007 joined the game
[06:05:06] [Server thread/INFO]: potato has made the advancement [Monster Hunter]
[06:06:39] [Server thread/INFO]: zSappy has made the advancement [Stone Age]
[06:06:40] [Server thread/INFO]: vnefii has made the advancement [Acquire Hardware]
[06:06:52] [Server thread/INFO]: vnefii has made the advancement [Isn't It Iron Pick]
[06:07:01] [Server thread/INFO]: Crisby2007 has made the advancement [Stone Age]
[06:07:14] [Server thread/INFO]: Crisby2007 has made the advancement [Getting an Upgrade]
[06:07:16] [Server thread/INFO]: [Not Secure] <vnefii> aldea 750 147
[06:09:37] [Server thread/INFO]: zSappy has made the advancement [Getting an Upgrade]
[06:11:32] [Server thread/INFO]: Villager cmk['Villager'/6118, l='ServerLevel[world]', x=664.30, y=70.00, z=238.16] died, message: 'Villager was slain by Zombie'
[06:12:33] [Server thread/INFO]: Crisby2007 has made the advancement [Monster Hunter]
[06:12:58] [Server thread/INFO]: zSappy has made the advancement [Acquire Hardware]
[06:13:17] [Server thread/INFO]: zSappy has made the advancement [Sweet Dreams]
[06:13:24] [Server thread/INFO]: potato has made the advancement [Not Today, Thank You]
[06:13:40] [Server thread/INFO]: [Not Secure] <vnefii> zzz
[06:13:41] [Server thread/INFO]: [Not Secure] <vnefii> zzz
[06:13:41] [Server thread/INFO]: [Not Secure] <vnefii> zzz
[06:13:42] [Server thread/INFO]: [Not Secure] <vnefii> zzz
[06:13:42] [Server thread/INFO]: [Not Secure] <vnefii> zzz
[06:13:43] [Server thread/INFO]: [Not Secure] <vnefii> zzz
[06:13:43] [Server thread/INFO]: [Not Secure] <vnefii> zzz
[06:13:44] [Server thread/INFO]: [Not Secure] <vnefii> zzz
[06:13:44] [Server thread/INFO]: [Not Secure] <vnefii> zz
[06:13:45] [Server thread/INFO]: [Not Secure] <vnefii> zz
[06:13:46] [Server thread/INFO]: [Not Secure] <vnefii> zz
[06:13:46] [Server thread/INFO]: [Not Secure] <vnefii> z
[06:13:46] [Server thread/INFO]: [Not Secure] <vnefii> z
[06:13:46] [Server thread/INFO]: [Not Secure] <vnefii> z
[06:13:46] [Server thread/INFO]: [Not Secure] <vnefii> z
[06:13:46] [Server thread/INFO]: [Not Secure] <vnefii> z
[06:13:46] [Server thread/INFO]: [Not Secure] <vnefii> z
[06:13:46] [Server thread/INFO]: vnefii lost connection: Kicked for spamming
[06:13:46] [Server thread/INFO]: vnefii left the game
[06:13:46] [Server thread/WARN]: handleDisconnection() called twice
[06:13:47] [Server thread/INFO]: potato lost connection: Disconnected
[06:13:47] [Server thread/INFO]: potato left the game
[06:13:51] [Server thread/INFO]: com.mojang.authlib.GameProfile@68d616d2[id=ed31031d-e6b2-3e38-9212-330cdbba797e,name=vnefii,properties={}] lost connection: Disconnected
[06:13:55] [Server thread/INFO]: vnefii[/127.196.113.75:32951] logged in with entity id 18951 at (667.5, 129.0, 128.5)
[06:13:55] [Server thread/INFO]: vnefii joined the game
[06:14:17] [Server thread/INFO]: [Not Secure] <vnefii> zzz
[06:14:18] [Server thread/INFO]: Crisby2007 has made the advancement [Sweet Dreams]
[06:14:18] [Server thread/INFO]: [Not Secure] <vnefii> zzzzzzzzzzzz
[06:14:21] [Server thread/INFO]: [Not Secure] <vnefii> zzz
[06:14:22] [Server thread/INFO]: potato[/127.235.240.228:39295] logged in with entity id 19091 at (-141.67947392045565, 63.0, 395.69999998807907)
[06:14:22] [Server thread/INFO]: potato joined the game
[06:14:23] [Server thread/INFO]: [Not Secure] <vnefii> .i.
[06:14:24] [Server thread/INFO]: [Not Secure] <zSappy> zzz
[06:14:24] [Server thread/INFO]: [Not Secure] <zSappy> zzz
[06:14:25] [Server thread/INFO]: [Not Secure] <zSappy> zzz
[06:14:25] [Server thread/INFO]: [Not Secure] <zSappy> z
[06:14:25] [Server thread/INFO]: [Not Secure] <zSappy> z
[06:14:25] [Server thread/INFO]: [Not Secure] <zSappy> zz
[06:14:25] [Server thread/INFO]: [Not Secure] <zSappy> z
[06:14:26] [Server thread/INFO]: [Not Secure] <zSappy> z
[06:14:26] [Server thread/INFO]: [Not Secure] <zSappy> zz
[06:14:28] [Server thread/INFO]: [Not Secure] <vnefii> .i.
[06:14:31] [Server thread/INFO]: [Not Secure] <vnefii> .i.
[06:14:32] [Server thread/INFO]: [Not Secure] <Crisby2007> s
[06:14:33] [Server thread/INFO]: [Not Secure] <Crisby2007> s
[06:14:33] [Server thread/INFO]: [Not Secure] <Crisby2007> s
[06:14:38] [Server thread/INFO]: [Not Secure] <Crisby2007> caca
[06:14:45] [Server thread/INFO]: [Not Secure] <zSappy> ( . )( . )
[06:14:51] [Server thread/INFO]: [Not Secure] <zSappy> tetotas
[06:15:14] [Server thread/INFO]: potato has made the advancement [Sweet Dreams]
[06:16:19] [Server thread/INFO]: Crisby2007 has made the advancement [Acquire Hardware]
[06:16:53] [Server thread/INFO]: zSappy has made the advancement [Isn't It Iron Pick]
[06:20:12] [Server thread/INFO]: vnefii has made the advancement [Hot Stuff]
[06:22:18] [Server thread/INFO]: Crisby2007 has made the advancement [Not Today, Thank You]
[06:23:18] [Server thread/INFO]: zSappy has made the advancement [Monster Hunter]
[06:24:18] [Server thread/INFO]: Crisby2007 has made the advancement [Isn't It Iron Pick]
[06:24:47] [Server thread/INFO]: Crisby2007 has made the advancement [Suit Up]
[06:25:40] [Server thread/INFO]: potato has made the advancement [Suit Up]
[06:27:46] [Server thread/INFO]: Crisby2007 lost connection: Disconnected
[06:27:46] [Server thread/INFO]: Crisby2007 left the game
[06:29:45] [Server thread/INFO]: potato has made the advancement [Diamonds!]
[06:31:43] [Server thread/INFO]: vnefii has made the advancement [We Need to Go Deeper]
[06:31:44] [Server thread/WARN]: Can't keep up! Is the server overloaded? Running 3251ms or 65 ticks behind
[06:32:08] [Server thread/INFO]: potato has made the advancement [Sneak 100]
[06:34:37] [Server thread/INFO]: zSappy has made the advancement [Diamonds!]
[06:42:25] [Server thread/INFO]: vnefii has made the advancement [Who is Cutting Onions?]
[06:42:25] [Server thread/INFO]: potato has made the advancement [We Need to Go Deeper]
[06:44:05] [Server thread/INFO]: vnefii has made the advancement [Suit Up]
[06:44:21] [Server thread/INFO]: vnefii lost connection: Disconnected
[06:44:21] [Server thread/INFO]: vnefii left the game
[06:44:30] [Server thread/INFO]: potato has made the advancement [Ice Bucket Challenge]
[06:44:52] [Server thread/INFO]: potato has completed the challenge [Return to Sender]
[06:49:27] [Server thread/INFO]: potato has made the advancement [Who is Cutting Onions?]
[06:50:52] [Server thread/INFO]: zSappy has made the advancement [Cover Me with Diamonds]
[06:50:56] [Server thread/INFO]: zSappy has made the advancement [Suit Up]
[06:51:16] [Server thread/INFO]: [Not Secure] <potato> 90 90 70
[06:54:33] [Server thread/INFO]: vnefii[/127.196.113.75:41015] logged in with entity id 39163 at (93.18769992545309, 91.0, 70.69999998807907)
[06:54:33] [Server thread/INFO]: vnefii joined the game
[06:54:43] [Server thread/INFO]: vnefii lost connection: Disconnected
[06:54:43] [Server thread/INFO]: vnefii left the game
[06:58:11] [Server thread/INFO]: zSappy has made the advancement [We Need to Go Deeper]
[06:58:43] [Server thread/INFO]: potato has made the advancement [Those Were the Days]
[06:59:13] [Server thread/INFO]: [Not Secure] <potato> 16 430
[07:02:04] [Server thread/INFO]: potato has made the advancement [War Pigs]
[07:09:02] [Server thread/INFO]: Shaluxe[/127.248.43.211:47223] logged in with entity id 44452 at (9.5, 69.0, -1.5)
[07:09:02] [Server thread/INFO]: Shaluxe joined the game
[07:09:39] [Server thread/INFO]: Shaluxe lost connection: Disconnected
[07:09:39] [Server thread/INFO]: Shaluxe left the game
[07:10:45] [Server thread/INFO]: potato was slain by Piglin Brute
[07:11:59] [Server thread/INFO]: zSappy tried to swim in lava
[07:13:55] [Server thread/INFO]: zSappy lost connection: Disconnected
[07:13:55] [Server thread/INFO]: zSappy left the game
[07:18:44] [Server thread/INFO]: Shaluxe[/127.248.43.211:34589] logged in with entity id 48028 at (9.5, 69.0, -1.5)
[07:18:44] [Server thread/INFO]: Shaluxe joined the game
[07:19:34] [Server thread/INFO]: potato lost connection: Disconnected
[07:19:34] [Server thread/INFO]: potato left the game
[07:20:05] [Server thread/INFO]: Shaluxe lost connection: Disconnected
[07:20:05] [Server thread/INFO]: Shaluxe left the game
[07:21:13] [Server thread/INFO]: vnefii[/127.196.113.75:58945] logged in with entity id 48448 at (93.18769992545309, 91.0, 70.69999998807907)
[07:21:13] [Server thread/INFO]: vnefii joined the game
[07:24:44] [Server thread/INFO]: zSappy[/127.28.52.20:47013] logged in with entity id 49080 at (462.94286317126256, 73.0, 129.86344039089744)
[07:24:44] [Server thread/INFO]: zSappy joined the game
[07:25:08] [Server thread/INFO]: Shaluxe[/127.248.43.211:50065] logged in with entity id 49394 at (9.5, 69.0, -1.5)
[07:25:08] [Server thread/INFO]: Shaluxe joined the game
[07:28:30] [Server thread/INFO]: vnefii lost connection: Disconnected
[07:28:30] [Server thread/INFO]: vnefii left the game
[07:28:37] [Server thread/INFO]: vnefii[/127.196.113.75:50401] logged in with entity id 50998 at (156.52773394006576, 48.5625, 256.4704403722866)
[07:28:37] [Server thread/INFO]: vnefii joined the game
[07:29:24] [Server thread/INFO]: [Not Secure] <Shaluxe> 500 130
[07:31:31] [Server thread/INFO]: Shaluxe has made the advancement [Sweet Dreams]
[07:34:10] [Server thread/INFO]: Shaluxe has made the advancement [Stone Age]
[07:36:57] [Server thread/INFO]: Shaluxe has made the advancement [Getting an Upgrade]
[07:38:27] [Server thread/INFO]: Shaluxe has made the advancement [Acquire Hardware]
[07:40:11] [Server thread/INFO]: vnefii has made the advancement [A Terrible Fortress]
[07:45:52] [Server thread/INFO]: Shaluxe has made the advancement [Suit Up]
[07:46:48] [Server thread/INFO]: vnefii has made the advancement [Into Fire]
[07:48:39] [Server thread/WARN]: Mismatch in destroy block pos: jd{x=361, y=83, z=345} jd{x=361, y=83, z=344}
[07:55:54] [Server thread/INFO]: [Not Secure] <Shaluxe> 651 177
[08:01:27] [Server thread/WARN]: Mismatch in destroy block pos: jd{x=653, y=133, z=164} jd{x=654, y=132, z=164}
[08:02:10] [Server thread/WARN]: Mismatch in destroy block pos: jd{x=666, y=132, z=157} jd{x=667, y=130, z=157}
[08:04:06] [Server thread/INFO]: Shaluxe has made the advancement [Monster Hunter]
[08:07:41] [Server thread/INFO]: [Not Secure] <Shaluxe> 651 177
[08:08:03] [Server thread/INFO]: [Not Secure] <Shaluxe> 131
[08:11:44] [Server thread/INFO]: vnefii has made the advancement [Light as a Rabbit]
[08:17:16] [Server thread/INFO]: zSappy lost connection: Disconnected
[08:17:16] [Server thread/INFO]: zSappy left the game
[08:18:23] [Server thread/INFO]: vnefii lost connection: Disconnected
[08:18:23] [Server thread/INFO]: vnefii left the game
[08:18:48] [Server thread/INFO]: vnefii[/127.196.113.75:45709] logged in with entity id 74807 at (872.4677832027317, 111.0, 2039.699999988079)
[08:18:48] [Server thread/INFO]: vnefii joined the game
[08:19:45] [Server thread/INFO]: No player was found
[08:19:52] [Server thread/INFO]: /advancement (grant|revoke)
[08:19:52] [Server thread/INFO]: /attribute <target> <attribute> (get|base|modifier)
[08:19:52] [Server thread/INFO]: /execute (run|if|unless|as|at|store|positioned|rotated|facing|align|anchored|in|summon|on)
[08:19:52] [Server thread/INFO]: /bossbar (add|remove|list|set|get)
[08:19:52] [Server thread/INFO]: /clear [<targets>]
[08:19:52] [Server thread/INFO]: /clone (<begin>|from)
[08:19:52] [Server thread/INFO]: /damage <target> <amount> [<damageType>]
[08:19:52] [Server thread/INFO]: /data (merge|get|remove|modify)
[08:19:52] [Server thread/INFO]: /datapack (enable|disable|list)
[08:19:52] [Server thread/INFO]: /debug (start|stop|function)
[08:19:52] [Server thread/INFO]: /defaultgamemode <gamemode>
[08:19:52] [Server thread/INFO]: /difficulty [peaceful|easy|normal|hard]
[08:19:52] [Server thread/INFO]: /effect (clear|give)
[08:19:52] [Server thread/INFO]: /me <action>
[08:19:52] [Server thread/INFO]: /enchant <targets> <enchantment> [<level>]
[08:19:52] [Server thread/INFO]: /experience (add|set|query)
[08:19:52] [Server thread/INFO]: /xp -> experience
[08:19:52] [Server thread/INFO]: /fill <from> <to> <block> [replace|keep|outline|hollow|destroy]
[08:19:52] [Server thread/INFO]: /fillbiome <from> <to> <biome> [replace]
[08:19:52] [Server thread/INFO]: /forceload (add|remove|query)
[08:19:52] [Server thread/INFO]: /function <name> [<arguments>|with]
[08:19:52] [Server thread/INFO]: /gamemode <gamemode> [<target>]
[08:19:52] [Server thread/INFO]: /gamerule (announceAdvancements|blockExplosionDropDecay|commandBlockOutput|commandModificationBlockLimit|disableElytraMovementCheck|disableRaids|doDaylightCycle|doEntityDrops|doFireTick|doImmediateRespawn|doInsomnia|doLimitedCrafting|doMobLoot|doMobSpawning|doPatrolSpawning|doTileDrops|doTraderSpawning|doVinesSpread|doWardenSpawning|doWeatherCycle|drowningDamage|enderPearlsVanishOnDeath|fallDamage|fireDamage|forgiveDeadPlayers|freezeDamage|globalSoundEvents|keepInventory|lavaSourceConversion|logAdminCommands|maxCommandChainLength|maxCommandForkCount|maxEntityCramming|mobExplosionDropDecay|mobGriefing|naturalRegeneration|playersNetherPortalCreativeDelay|playersNetherPortalDefaultDelay|playersSleepingPercentage|projectilesCanBreakBlocks|randomTickSpeed|reducedDebugInfo|sendCommandFeedback|showDeathMessages|snowAccumulationHeight|spawnChunkRadius|spawnRadius|spectatorsGenerateChunks|tntExplosionDropDecay|universalAnger|waterSourceConversion)
[08:19:52] [Server thread/INFO]: /give <targets> <item> [<count>]
[08:19:52] [Server thread/INFO]: /help [<command>]
[08:19:52] [Server thread/INFO]: /item (replace|modify)
[08:19:52] [Server thread/INFO]: /kick <targets> [<reason>]
[08:19:52] [Server thread/INFO]: /kill [<targets>]
[08:19:52] [Server thread/INFO]: /list [uuids]
[08:19:52] [Server thread/INFO]: /locate (structure|biome|poi)
[08:19:52] [Server thread/INFO]: /loot (replace|insert|give|spawn)
[08:19:52] [Server thread/INFO]: /msg <targets> <message>
[08:19:52] [Server thread/INFO]: /tell -> msg
[08:19:52] [Server thread/INFO]: /w -> msg
[08:19:52] [Server thread/INFO]: /particle <name> [<pos>]
[08:19:52] [Server thread/INFO]: /place (feature|jigsaw|structure|template)
[08:19:52] [Server thread/INFO]: /playsound <sound> [master|music|record|weather|block|hostile|neutral|player|ambient|voice]
[08:19:52] [Server thread/INFO]: /random (value|roll|reset)
[08:19:52] [Server thread/INFO]: /reload
[08:19:52] [Server thread/INFO]: /recipe (give|take)
[08:19:52] [Server thread/INFO]: /return (<value>|fail|run)
[08:19:52] [Server thread/INFO]: /ride <target> (mount|dismount)
[08:19:52] [Server thread/INFO]: /say <message>
[08:19:52] [Server thread/INFO]: /schedule (function|clear)
[08:19:52] [Server thread/INFO]: /scoreboard (objectives|players)
[08:19:52] [Server thread/INFO]: /seed
[08:19:52] [Server thread/INFO]: /setblock <pos> <block> [destroy|keep|replace]
[08:19:52] [Server thread/INFO]: /spawnpoint [<targets>]
[08:19:52] [Server thread/INFO]: /setworldspawn [<pos>]
[08:19:52] [Server thread/INFO]: /spectate [<target>]
[08:19:52] [Server thread/INFO]: /spreadplayers <center> <spreadDistance> <maxRange> (<respectTeams>|under)
[08:19:52] [Server thread/INFO]: /stopsound <targets> [*|master|music|record|weather|block|hostile|neutral|player|ambient|voice]
[08:19:52] [Server thread/INFO]: /summon <entity> [<pos>]
[08:19:52] [Server thread/INFO]: /tag <targets> (add|remove|list)
[08:19:52] [Server thread/INFO]: /team (list|add|remove|empty|join|leave|modify)
[08:19:52] [Server thread/INFO]: /teammsg <message>
[08:19:52] [Server thread/INFO]: /tm -> teammsg
[08:19:52] [Server thread/INFO]: /teleport (<location>|<destination>|<targets>)
[08:19:52] [Server thread/INFO]: /tp -> teleport
[08:19:52] [Server thread/INFO]: /tellraw <targets> <message>
[08:19:52] [Server thread/INFO]: /tick (query|rate|step|sprint|unfreeze|freeze)
[08:19:52] [Server thread/INFO]: /time (set|add|query)
[08:19:52] [Server thread/INFO]: /title <targets> (clear|reset|title|subtitle|actionbar|times)
[08:19:52] [Server thread/INFO]: /trigger <objective> [add|set]
[08:19:52] [Server thread/INFO]: /weather (clear|rain|thunder)
[08:19:52] [Server thread/INFO]: /worldborder (add|set|center|damage|get|warning)
[08:19:52] [Server thread/INFO]: /jfr (start|stop)
[08:19:52] [Server thread/INFO]: /ban-ip <target> [<reason>]
[08:19:52] [Server thread/INFO]: /banlist [ips|players]
[08:19:52] [Server thread/INFO]: /ban <targets> [<reason>]
[08:19:52] [Server thread/INFO]: /deop <targets>
[08:19:52] [Server thread/INFO]: /op <targets>
[08:19:52] [Server thread/INFO]: /pardon <targets>
[08:19:52] [Server thread/INFO]: /pardon-ip <target>
[08:19:52] [Server thread/INFO]: /perf (start|stop)
[08:19:52] [Server thread/INFO]: /save-all [flush]
[08:19:52] [Server thread/INFO]: /save-off
[08:19:52] [Server thread/INFO]: /save-on
[08:19:52] [Server thread/INFO]: /setidletimeout <minutes>
[08:19:52] [Server thread/INFO]: /stop
[08:19:52] [Server thread/INFO]: /transfer <hostname> [<port>]
[08:19:52] [Server thread/INFO]: /whitelist (on|off|list|add|remove|reload)
[08:20:09] [Server thread/INFO]: zSappy[/127.28.52.20:51157] logged in with entity id 75422 at (656.7898601723638, -57.970230036696535, 186.64097995378745)
[08:20:09] [Server thread/INFO]: zSappy joined the game
[08:20:09] [Server thread/INFO]: Set zSappy's game mode to Creative Mode
[08:20:42] [Server thread/INFO]: Set zSappy's game mode to Survival Mode
[08:22:49] [Server thread/INFO]: Seed: [-818039728096720872]
[08:23:16] [Server thread/INFO]: Shaluxe has made the advancement [What a Deal!]
[08:24:14] [Server thread/INFO]: Shaluxe has made the advancement [Surge Protector]
[08:30:16] [Server thread/INFO]: vnefii has made the advancement [Eye Spy]
[08:32:57] [Server thread/INFO]: Shaluxe has made the advancement [Take Aim]
[08:36:58] [Server thread/INFO]: vnefii has made the advancement [Sneak 100]
[08:37:17] [Server thread/INFO]: zSappy has made the advancement [Not Today, Thank You]
[08:51:56] [Server thread/INFO]: [Not Secure] <Shaluxe> 651 177
[08:56:01] [Server thread/INFO]: Shaluxe has made the advancement [Not Today, Thank You]
[09:02:32] [Server thread/INFO]: zSappy has made the advancement [Best Friends Forever]
[09:04:27] [Server thread/INFO]: Shaluxe has made the advancement [Hot Stuff]
[09:07:53] [Server thread/INFO]: vnefii has made the advancement [Diamonds!]
[09:15:15] [Server thread/INFO]: vnefii has made the advancement [What a Deal!]
[09:15:34] [Server thread/INFO]: Shaluxe has made the advancement [Cover Me with Diamonds]
[09:17:37] [Server thread/INFO]: Shaluxe has made the advancement [Diamonds!]
[09:22:04] [Server thread/INFO]: zSappy has made the advancement [What a Deal!]
[09:28:08] [Server thread/INFO]: Shaluxe lost connection: Disconnected
[09:28:08] [Server thread/INFO]: Shaluxe left the game
[09:47:26] [Server thread/INFO]: Villager cmk['Villager'/95795, l='ServerLevel[world]', x=674.13, y=130.00, z=193.78] died, message: 'Villager was slain by vnefii'
[09:48:55] [Server thread/INFO]: vnefii has made the advancement [Cover Me with Diamonds]
[10:19:29] [Server thread/INFO]: vnefii has made the advancement [Enchanter]
[10:57:24] [Server thread/WARN]: Mismatch in destroy block pos: jd{x=714, y=120, z=13} jd{x=713, y=119, z=13}
[11:02:46] [Server thread/INFO]: zSappy has made the advancement [Enchanter]
[11:03:45] [Server thread/WARN]: Player vnefii just tried to change non-editable sign
[11:19:16] [Server thread/INFO]: zSappy lost connection: Disconnected
[11:19:16] [Server thread/INFO]: zSappy left the game
[11:22:04] [Server thread/INFO]: Unknown game mode: vnefii
[11:22:04] [Server thread/INFO]: ...ode vnefii creative<--[HERE]
[11:22:16] [Server thread/INFO]: Set vnefii's game mode to Creative Mode
[11:22:33] [Server thread/INFO]: Villager cmk['Villager'/51838, l='ServerLevel[world]', x=662.58, y=132.00, z=175.57] died, message: 'Villager hit the ground too hard while trying to escape vnefii'
[11:22:36] [Server thread/INFO]: Villager cmk['Shepherd'/51840, l='ServerLevel[world]', x=662.54, y=135.00, z=172.87] died, message: 'Shepherd was slain by vnefii'
[11:33:50] [Server thread/INFO]: Villager cmk['Farmer'/126054, l='ServerLevel[world]', x=678.70, y=127.94, z=157.83] died, message: 'Farmer was slain by Zombie'
[11:34:51] [Server thread/INFO]: Villager cmk['Farmer'/126059, l='ServerLevel[world]', x=687.30, y=123.00, z=154.30] died, message: 'Farmer was slain by vnefii'
[11:44:53] [Server thread/INFO]: Villager cmk['Villager'/127853, l='ServerLevel[world]', x=678.31, y=132.00, z=173.69] died, message: 'Villager was slain by vnefii'
[11:45:11] [Server thread/INFO]: Villager cmk['Villager'/127926, l='ServerLevel[world]', x=678.31, y=132.00, z=173.69] died, message: 'Villager was slain by vnefii'
[11:45:23] [Server thread/INFO]: Villager cmk['Librarian'/127962, l='ServerLevel[world]', x=678.30, y=132.00, z=173.70] died, message: 'Librarian was slain by vnefii'
[11:45:46] [Server thread/INFO]: Villager cmk['Villager'/127984, l='ServerLevel[world]', x=678.30, y=132.00, z=173.68] died, message: 'Villager was slain by vnefii'
[11:45:55] [Server thread/INFO]: Villager cmk['Librarian'/128031, l='ServerLevel[world]', x=678.30, y=132.00, z=173.70] died, message: 'Librarian was slain by vnefii'
[11:46:03] [Server thread/INFO]: Villager cmk['Villager'/128033, l='ServerLevel[world]', x=678.85, y=132.13, z=172.90] died, message: 'Villager was slain by vnefii'
[11:46:08] [Server thread/INFO]: Villager cmk['Librarian'/128038, l='ServerLevel[world]', x=678.30, y=132.00, z=173.70] died, message: 'Librarian was slain by vnefii'
[11:46:20] [Server thread/INFO]: Villager cmk['Librarian'/128073, l='ServerLevel[world]', x=678.30, y=132.00, z=173.70] died, message: 'Librarian was slain by vnefii'
[11:46:32] [Server thread/INFO]: Villager cmk['Villager'/128098, l='ServerLevel[world]', x=678.85, y=132.13, z=172.90] died, message: 'Villager was slain by vnefii'
[11:46:34] [Server thread/INFO]: Villager cmk['Villager'/128076, l='ServerLevel[world]', x=678.85, y=132.54, z=172.90] died, message: 'Villager was slain by vnefii'
[11:46:39] [Server thread/INFO]: Villager cmk['Librarian'/128121, l='ServerLevel[world]', x=678.30, y=132.00, z=173.70] died, message: 'Librarian was slain by vnefii'
[11:46:50] [Server thread/INFO]: Villager cmk['Librarian'/128135, l='ServerLevel[world]', x=678.30, y=132.00, z=173.70] died, message: 'Librarian was slain by vnefii'
[11:46:58] [Server thread/INFO]: Villager cmk['Librarian'/128157, l='ServerLevel[world]', x=678.30, y=132.00, z=173.70] died, message: 'Librarian was slain by vnefii'
[11:47:08] [Server thread/INFO]: Villager cmk['Librarian'/128168, l='ServerLevel[world]', x=678.30, y=132.00, z=173.70] died, message: 'Librarian was slain by vnefii'
[11:47:17] [Server thread/INFO]: Villager cmk['Villager'/128187, l='ServerLevel[world]', x=678.15, y=132.84, z=172.90] died, message: 'Villager was slain by vnefii'
[11:47:20] [Server thread/INFO]: Villager cmk['Librarian'/128186, l='ServerLevel[world]', x=678.31, y=132.00, z=173.69] died, message: 'Librarian was slain by vnefii'
[11:47:27] [Server thread/INFO]: Villager cmk['Librarian'/128207, l='ServerLevel[world]', x=678.32, y=132.00, z=173.70] died, message: 'Librarian was slain by vnefii'
[11:47:34] [Server thread/INFO]: Villager cmk['Librarian'/128218, l='ServerLevel[world]', x=678.32, y=132.00, z=173.70] died, message: 'Librarian was slain by vnefii'
[11:47:41] [Server thread/INFO]: Villager cmk['Librarian'/128229, l='ServerLevel[world]', x=678.30, y=132.00, z=173.70] died, message: 'Librarian was slain by vnefii'
[11:47:48] [Server thread/INFO]: Villager cmk['Librarian'/128242, l='ServerLevel[world]', x=678.30, y=132.00, z=173.70] died, message: 'Librarian was slain by vnefii'
[11:47:58] [Server thread/INFO]: Villager cmk['Librarian'/128258, l='ServerLevel[world]', x=678.30, y=132.00, z=173.70] died, message: 'Librarian was slain by vnefii'
[11:48:04] [Server thread/INFO]: Villager cmk['Librarian'/128272, l='ServerLevel[world]', x=678.30, y=132.00, z=173.70] died, message: 'Librarian was slain by vnefii'
[11:48:11] [Server thread/INFO]: Villager cmk['Librarian'/128284, l='ServerLevel[world]', x=678.31, y=132.00, z=173.69] died, message: 'Librarian was slain by vnefii'
[11:48:16] [Server thread/INFO]: Villager cmk['Librarian'/128292, l='ServerLevel[world]', x=678.30, y=132.00, z=173.70] died, message: 'Librarian was slain by vnefii'
[11:48:24] [Server thread/INFO]: Villager cmk['Librarian'/128300, l='ServerLevel[world]', x=678.30, y=132.00, z=173.70] died, message: 'Librarian was slain by vnefii'
[11:48:31] [Server thread/INFO]: Villager cmk['Librarian'/128311, l='ServerLevel[world]', x=678.30, y=132.00, z=173.68] died, message: 'Librarian was slain by vnefii'
[11:48:38] [Server thread/INFO]: Villager cmk['Librarian'/128327, l='ServerLevel[world]', x=678.30, y=132.00, z=173.70] died, message: 'Librarian was slain by vnefii'
[11:48:45] [Server thread/INFO]: Villager cmk['Librarian'/128343, l='ServerLevel[world]', x=678.30, y=132.00, z=173.70] died, message: 'Librarian was slain by vnefii'
[11:48:50] [Server thread/INFO]: Villager cmk['Librarian'/128357, l='ServerLevel[world]', x=678.30, y=132.00, z=173.70] died, message: 'Librarian was slain by vnefii'
[11:48:55] [Server thread/INFO]: Villager cmk['Librarian'/128367, l='ServerLevel[world]', x=678.30, y=132.00, z=173.70] died, message: 'Librarian was slain by vnefii'
[11:49:01] [Server thread/INFO]: Villager cmk['Librarian'/128380, l='ServerLevel[world]', x=678.31, y=132.00, z=173.69] died, message: 'Librarian was slain by vnefii'
[11:49:06] [Server thread/INFO]: Villager cmk['Librarian'/128388, l='ServerLevel[world]', x=678.30, y=132.00, z=173.70] died, message: 'Librarian was slain by vnefii'
[11:49:11] [Server thread/INFO]: Villager cmk['Librarian'/128401, l='ServerLevel[world]', x=678.30, y=132.00, z=173.70] died, message: 'Librarian was slain by vnefii'
[11:49:26] [Server thread/INFO]: Villager cmk['Librarian'/128411, l='ServerLevel[world]', x=678.31, y=132.00, z=173.69] died, message: 'Librarian was slain by vnefii'
[11:49:31] [Server thread/INFO]: Villager cmk['Librarian'/128436, l='ServerLevel[world]', x=678.30, y=132.00, z=173.70] died, message: 'Librarian was slain by vnefii'
[11:49:36] [Server thread/INFO]: Villager cmk['Librarian'/128445, l='ServerLevel[world]', x=678.31, y=132.00, z=173.69] died, message: 'Librarian was slain by vnefii'
[11:49:45] [Server thread/INFO]: Villager cmk['Librarian'/128451, l='ServerLevel[world]', x=678.30, y=132.00, z=173.70] died, message: 'Librarian was slain by vnefii'
[11:49:51] [Server thread/INFO]: Villager cmk['Librarian'/128466, l='ServerLevel[world]', x=678.30, y=132.00, z=173.70] died, message: 'Librarian was slain by vnefii'
[11:49:56] [Server thread/INFO]: Villager cmk['Librarian'/128473, l='ServerLevel[world]', x=678.30, y=132.00, z=173.70] died, message: 'Librarian was slain by vnefii'
[11:50:08] [Server thread/INFO]: Villager cmk['Librarian'/128484, l='ServerLevel[world]', x=678.31, y=132.00, z=173.69] died, message: 'Librarian was slain by vnefii'
[11:50:15] [Server thread/INFO]: Villager cmk['Librarian'/128504, l='ServerLevel[world]', x=678.31, y=132.00, z=173.69] died, message: 'Librarian was slain by vnefii'
[11:50:22] [Server thread/INFO]: Villager cmk['Librarian'/128516, l='ServerLevel[world]', x=678.30, y=132.00, z=173.70] died, message: 'Librarian was slain by vnefii'
[11:50:40] [Server thread/INFO]: Villager cmk['Librarian'/128540, l='ServerLevel[world]', x=678.69, y=132.00, z=167.31] died, message: 'Librarian was slain by vnefii'
[11:50:47] [Server thread/INFO]: Villager cmk['Librarian'/128558, l='ServerLevel[world]', x=678.69, y=132.00, z=167.31] died, message: 'Librarian was slain by vnefii'
[11:50:53] [Server thread/INFO]: Villager cmk['Librarian'/128565, l='ServerLevel[world]', x=678.70, y=132.00, z=167.30] died, message: 'Librarian was slain by vnefii'
[11:51:03] [Server thread/INFO]: Villager cmk['Librarian'/128575, l='ServerLevel[world]', x=678.70, y=132.00, z=167.30] died, message: 'Librarian was slain by vnefii'
[11:51:13] [Server thread/INFO]: Villager cmk['Librarian'/128591, l='ServerLevel[world]', x=678.69, y=132.00, z=167.31] died, message: 'Librarian was slain by vnefii'
[11:51:20] [Server thread/INFO]: Villager cmk['Librarian'/128610, l='ServerLevel[world]', x=678.69, y=132.00, z=167.31] died, message: 'Librarian was slain by vnefii'
[11:51:27] [Server thread/INFO]: Villager cmk['Librarian'/128616, l='ServerLevel[world]', x=678.70, y=132.00, z=167.30] died, message: 'Librarian was slain by vnefii'
[11:52:37] [Server thread/INFO]: Villager cmk['Librarian'/128630, l='ServerLevel[world]', x=678.70, y=132.00, z=167.30] died, message: 'Librarian was slain by vnefii'
[11:52:43] [Server thread/INFO]: Villager cmk['Librarian'/128872, l='ServerLevel[world]', x=678.70, y=132.00, z=167.30] died, message: 'Librarian was slain by vnefii'
[11:52:50] [Server thread/INFO]: Villager cmk['Librarian'/128879, l='ServerLevel[world]', x=678.69, y=132.00, z=167.31] died, message: 'Librarian was slain by vnefii'
[11:53:01] [Server thread/INFO]: Villager cmk['Librarian'/128886, l='ServerLevel[world]', x=678.70, y=132.00, z=167.30] died, message: 'Librarian was slain by vnefii'
[11:53:07] [Server thread/INFO]: Villager cmk['Librarian'/128903, l='ServerLevel[world]', x=678.70, y=132.00, z=167.30] died, message: 'Librarian was slain by vnefii'
[11:53:13] [Server thread/INFO]: Villager cmk['Librarian'/128911, l='ServerLevel[world]', x=678.70, y=132.00, z=167.30] died, message: 'Librarian was slain by vnefii'
[11:53:18] [Server thread/INFO]: Villager cmk['Librarian'/128917, l='ServerLevel[world]', x=678.70, y=132.00, z=167.30] died, message: 'Librarian was slain by vnefii'
[11:53:24] [Server thread/INFO]: Villager cmk['Librarian'/128925, l='ServerLevel[world]', x=678.70, y=132.00, z=167.30] died, message: 'Librarian was slain by vnefii'
[11:53:32] [Server thread/INFO]: Villager cmk['Librarian'/128937, l='ServerLevel[world]', x=678.70, y=132.00, z=167.30] died, message: 'Librarian was slain by vnefii'
[11:53:48] [Server thread/INFO]: Villager cmk['Librarian'/128961, l='ServerLevel[world]', x=678.70, y=132.00, z=167.30] died, message: 'Librarian was slain by vnefii'
[11:53:56] [Server thread/INFO]: Villager cmk['Librarian'/128985, l='ServerLevel[world]', x=678.70, y=132.00, z=167.30] died, message: 'Librarian was slain by vnefii'
[12:03:03] [Server thread/INFO]: Set vnefii's game mode to Survival Mode
[12:06:59] [Server thread/INFO]: Villager cmk['Villager'/129001, l='ServerLevel[world]', x=678.50, y=132.00, z=167.70] died, message: 'Villager was slain by vnefii'
[12:09:09] [Server thread/INFO]: Unknown or incomplete command, see below for error
[12:09:09] [Server thread/INFO]: gm creative vnefii<--[HERE]
[12:09:16] [Server thread/INFO]: Set vnefii's game mode to Creative Mode
[12:11:28] [Server thread/INFO]: Villager cmk['Farmer'/126809, l='ServerLevel[world]', x=687.50, y=123.06, z=160.06] died, message: 'Farmer was slain by vnefii'
[12:12:33] [Server thread/INFO]: Villager cmk['Farmer'/126813, l='ServerLevel[world]', x=687.50, y=123.06, z=159.81] died, message: 'Farmer was slain by vnefii'
[12:13:15] [Server thread/INFO]: Villager cmk['Villager'/133308, l='ServerLevel[world]', x=669.01, y=131.00, z=148.97] died, message: 'Villager was slain by vnefii'
[12:14:03] [Server thread/INFO]: Villager cmk['Villager'/133348, l='ServerLevel[world]', x=675.67, y=128.00, z=152.52] died, message: 'Villager was slain by vnefii'
[12:14:07] [Server thread/INFO]: Villager cmk['Farmer'/133345, l='ServerLevel[world]', x=678.54, y=127.94, z=160.56] died, message: 'Farmer was slain by vnefii'
[12:16:25] [Server thread/INFO]: Set vnefii's game mode to Survival Mode
[12:16:55] [Server thread/INFO]: Villager cmk['Villager'/128525, l='ServerLevel[world]', x=678.30, y=132.00, z=173.70] died, message: 'Villager was slain by vnefii'
[12:17:42] [Server thread/INFO]: vnefii lost connection: Disconnected
[12:17:42] [Server thread/INFO]: vnefii left the game
[12:17:54] [Server thread/INFO]: Unknown or incomplete command, see below for error
[12:17:54] [Server thread/INFO]: <--[HERE]
[12:17:57] [Server thread/INFO]: Unknown or incomplete command, see below for error
[12:17:57] [Server thread/INFO]: exit<--[HERE]
[12:17:59] [Server thread/INFO]: Unknown or incomplete command, see below for error
[12:17:59] [Server thread/INFO]: quit<--[HERE]
